2019-01-26 15:31:14.750 [main] INFO  com.gdufe.osc.OscApplication - [] - Starting OscApplication on DESKTOP-5B6KGDA with PID 4652 (E:\workspace\osc\target\classes started by yizhen in E:\workspace\osc)
2019-01-26 15:31:14.758 [main] INFO  com.gdufe.osc.OscApplication - [] - No active profile set, falling back to default profiles: default
2019-01-26 15:31:16.299 [main] INFO  o.s.d.r.c.RepositoryConfigurationDelegate - [] - Multiple Spring Data modules found, entering strict repository configuration mode!
2019-01-26 15:31:16.302 [main] INFO  o.s.d.r.c.RepositoryConfigurationDelegate - [] - Bootstrapping Spring Data repositories in DEFAULT mode.
2019-01-26 15:31:16.344 [main] INFO  o.s.d.r.c.RepositoryConfigurationDelegate - [] - Finished Spring Data repository scanning in 21ms. Found 0 repository interfaces.
2019-01-26 15:31:17.188 [main] INFO  o.s.b.w.embedded.tomcat.TomcatWebServer - [] - Tomcat initialized with port(s): 8083 (http)
2019-01-26 15:31:17.202 [main] INFO  o.apache.coyote.http11.Http11NioProtocol - [] - Initializing ProtocolHandler ["http-nio-8083"]
2019-01-26 15:31:17.212 [main] INFO  org.apache.catalina.core.StandardService - [] - Starting service [Tomcat]
2019-01-26 15:31:17.213 [main] INFO  org.apache.catalina.core.StandardEngine - [] - Starting Servlet Engine: Apache Tomcat/9.0.13
2019-01-26 15:31:17.222 [main] INFO  o.a.catalina.core.AprLifecycleListener - [] - The APR based Apache Tomcat Native library which allows optimal performance in production environments was not found on the java.library.path: [D:\Program Files\Java\jdk1.8.0_131\bin;C:\Windows\Sun\Java\bin;C:\Windows\system32;C:\Windows;C:\Windows\system32;C:\Windows;C:\Windows\System32\Wbem;C:\Windows\System32\WindowsPowerShell\v1.0\;C:\Program Files (x86)\NVIDIA Corporation\PhysX\Common;C:\Users\yizhen\AppData\Local\Microsoft\WindowsApps;F:\QuickMethod;;.]
2019-01-26 15:31:17.359 [main] INFO  o.a.c.c.C.[Tomcat].[localhost].[/] - [] - Initializing Spring embedded WebApplicationContext
2019-01-26 15:31:17.360 [main] INFO  o.s.web.context.ContextLoader - [] - Root WebApplicationContext: initialization completed in 2429 ms
2019-01-26 15:31:18.229 [main] INFO  o.s.s.concurrent.ThreadPoolTaskExecutor - [] - Initializing ExecutorService 'applicationTaskExecutor'
2019-01-26 15:31:18.610 [main] INFO  o.s.s.concurrent.ThreadPoolTaskScheduler - [] - Initializing ExecutorService 'taskScheduler'
2019-01-26 15:31:18.658 [main] INFO  o.apache.coyote.http11.Http11NioProtocol - [] - Starting ProtocolHandler ["http-nio-8083"]
2019-01-26 15:31:18.667 [main] INFO  o.apache.tomcat.util.net.NioSelectorPool - [] - Using a shared selector for servlet write/read
2019-01-26 15:31:18.685 [main] INFO  o.s.b.w.embedded.tomcat.TomcatWebServer - [] - Tomcat started on port(s): 8083 (http) with context path ''
2019-01-26 15:31:18.689 [main] INFO  com.gdufe.osc.OscApplication - [] - Started OscApplication in 4.671 seconds (JVM running for 6.002)
2019-01-26 15:31:19.536 [main] INFO  com.gdufe.osc.scheduled.CronTask - [] - code = WeJBVa
2019-01-26 15:31:20.033 [main] INFO  io.lettuce.core.EpollProvider - [] - Starting without optional epoll library
2019-01-26 15:31:20.034 [main] INFO  io.lettuce.core.KqueueProvider - [] - Starting without optional kqueue library
2019-01-26 15:31:20.360 [main] INFO  com.gdufe.osc.scheduled.CronTask - [] - token：a3040552-7e89-4ea9-8f62-63385823d511  -----  freshToken：ac6e504b-3586-4f95-9ae9-a7510efde985
2019-01-26 15:31:20.361 [main] INFO  com.gdufe.osc.scheduled.CronTask - [] - refreshCache 执行花费时长： 1669
2019-01-26 15:31:37.531 [http-nio-8083-exec-1] INFO  o.a.c.c.C.[Tomcat].[localhost].[/] - [] - Initializing Spring DispatcherServlet 'dispatcherServlet'
2019-01-26 15:31:37.531 [http-nio-8083-exec-1] INFO  o.s.web.servlet.DispatcherServlet - [] - Initializing Servlet 'dispatcherServlet'
2019-01-26 15:31:37.543 [http-nio-8083-exec-1] INFO  o.s.web.servlet.DispatcherServlet - [] - Completed initialization in 12 ms
2019-01-26 15:31:37.579 [http-nio-8083-exec-1] INFO  c.g.o.interceptor.AccessLimitInterceptor - [] - 本次请求正常通过
2019-01-26 15:31:37.653 [http-nio-8083-exec-1] INFO  c.g.osc.interceptor.IPBlockInterceptor - [] - ip = 0:0:0:0:0:0:0:1, 30s之内第1次请求http://localhost:8083/api/tweet/newest，通过
2019-01-26 15:31:39.021 [http-nio-8083-exec-1] INFO  c.g.osc.service.impl.TweetListServiceImp - [] - authorId = 3717820
2019-01-26 15:31:39.021 [http-nio-8083-exec-1] INFO  c.g.osc.service.impl.TweetListServiceImp - [] - authorId = 3417180
2019-01-26 15:31:39.021 [http-nio-8083-exec-1] INFO  c.g.osc.service.impl.TweetListServiceImp - [] - authorId = 3174768
2019-01-26 15:31:39.021 [http-nio-8083-exec-1] INFO  c.g.osc.service.impl.TweetListServiceImp - [] - authorId = 2657874
2019-01-26 15:31:39.021 [http-nio-8083-exec-1] INFO  c.g.osc.service.impl.TweetListServiceImp - [] - authorId = 3803405
2019-01-26 15:31:39.021 [http-nio-8083-exec-1] INFO  c.g.osc.service.impl.TweetListServiceImp - [] - authorId = 3915921
2019-01-26 15:31:39.021 [http-nio-8083-exec-1] INFO  c.g.osc.service.impl.TweetListServiceImp - [] - authorId = 93473
2019-01-26 15:31:39.021 [http-nio-8083-exec-1] INFO  c.g.osc.service.impl.TweetListServiceImp - [] - authorId = 4073411
2019-01-26 15:31:39.021 [http-nio-8083-exec-1] INFO  c.g.osc.service.impl.TweetListServiceImp - [] - authorId = 2425521
2019-01-26 15:31:39.021 [http-nio-8083-exec-1] INFO  c.g.osc.service.impl.TweetListServiceImp - [] - authorId = 1456141
2019-01-26 15:31:39.021 [http-nio-8083-exec-1] INFO  c.g.osc.service.impl.TweetListServiceImp - [] - id = 19673202
2019-01-26 15:31:39.066 [http-nio-8083-exec-1] INFO  c.g.osc.service.impl.TweetListServiceImp - [] - id = 19673200
2019-01-26 15:31:39.108 [http-nio-8083-exec-1] INFO  c.g.osc.service.impl.TweetListServiceImp - [] - id = 19673196
2019-01-26 15:31:39.149 [http-nio-8083-exec-1] INFO  c.g.osc.service.impl.TweetListServiceImp - [] - id = 19673190
2019-01-26 15:31:39.236 [http-nio-8083-exec-1] INFO  c.g.osc.service.impl.TweetListServiceImp - [] - id = 19673186
2019-01-26 15:31:39.282 [http-nio-8083-exec-1] INFO  c.g.osc.service.impl.TweetListServiceImp - [] - id = 19673173
2019-01-26 15:31:39.328 [http-nio-8083-exec-1] INFO  c.g.osc.service.impl.TweetListServiceImp - [] - id = 19673147
2019-01-26 15:31:39.369 [http-nio-8083-exec-1] INFO  c.g.osc.service.impl.TweetListServiceImp - [] - id = 19673143
2019-01-26 15:31:39.411 [http-nio-8083-exec-1] INFO  c.g.osc.service.impl.TweetListServiceImp - [] - id = 19673141
2019-01-26 15:31:39.452 [http-nio-8083-exec-1] INFO  c.g.osc.service.impl.TweetListServiceImp - [] - id = 19673134
2019-01-26 15:31:39.500 [http-nio-8083-exec-1] INFO  c.gdufe.osc.interceptor.TimeWatchAspect - [] - getNewestTweetList 执行时长： 1796
2019-01-26 15:31:45.961 [http-nio-8083-exec-2] INFO  c.g.o.interceptor.AccessLimitInterceptor - [] - 本次请求正常通过
2019-01-26 15:31:45.996 [http-nio-8083-exec-2] INFO  c.g.osc.interceptor.IPBlockInterceptor - [] - ip = 0:0:0:0:0:0:0:1, 30s之内第2次请求http://localhost:8083/api/tweet/newest，通过
2019-01-26 15:31:46.054 [http-nio-8083-exec-2] INFO  c.g.osc.service.impl.TweetListServiceImp - [] - authorId = 3717820
2019-01-26 15:31:46.054 [http-nio-8083-exec-2] INFO  c.g.osc.service.impl.TweetListServiceImp - [] - authorId = 3417180
2019-01-26 15:31:46.054 [http-nio-8083-exec-2] INFO  c.g.osc.service.impl.TweetListServiceImp - [] - authorId = 3174768
2019-01-26 15:31:46.054 [http-nio-8083-exec-2] INFO  c.g.osc.service.impl.TweetListServiceImp - [] - authorId = 2657874
2019-01-26 15:31:46.055 [http-nio-8083-exec-2] INFO  c.g.osc.service.impl.TweetListServiceImp - [] - authorId = 3803405
2019-01-26 15:31:46.055 [http-nio-8083-exec-2] INFO  c.g.osc.service.impl.TweetListServiceImp - [] - authorId = 3915921
2019-01-26 15:31:46.055 [http-nio-8083-exec-2] INFO  c.g.osc.service.impl.TweetListServiceImp - [] - authorId = 93473
2019-01-26 15:31:46.055 [http-nio-8083-exec-2] INFO  c.g.osc.service.impl.TweetListServiceImp - [] - authorId = 4073411
2019-01-26 15:31:46.055 [http-nio-8083-exec-2] INFO  c.g.osc.service.impl.TweetListServiceImp - [] - authorId = 2425521
2019-01-26 15:31:46.055 [http-nio-8083-exec-2] INFO  c.g.osc.service.impl.TweetListServiceImp - [] - authorId = 1456141
2019-01-26 15:31:46.055 [http-nio-8083-exec-2] INFO  c.g.osc.service.impl.TweetListServiceImp - [] - id = 19673202
2019-01-26 15:31:46.099 [http-nio-8083-exec-2] INFO  c.g.osc.service.impl.TweetListServiceImp - [] - id = 19673200
2019-01-26 15:31:46.141 [http-nio-8083-exec-2] INFO  c.g.osc.service.impl.TweetListServiceImp - [] - id = 19673196
2019-01-26 15:31:46.205 [http-nio-8083-exec-2] INFO  c.g.osc.service.impl.TweetListServiceImp - [] - id = 19673190
2019-01-26 15:31:46.258 [http-nio-8083-exec-2] INFO  c.g.osc.service.impl.TweetListServiceImp - [] - id = 19673186
2019-01-26 15:31:46.304 [http-nio-8083-exec-2] INFO  c.g.osc.service.impl.TweetListServiceImp - [] - id = 19673173
2019-01-26 15:31:46.345 [http-nio-8083-exec-2] INFO  c.g.osc.service.impl.TweetListServiceImp - [] - id = 19673147
2019-01-26 15:31:46.385 [http-nio-8083-exec-2] INFO  c.g.osc.service.impl.TweetListServiceImp - [] - id = 19673143
2019-01-26 15:31:46.429 [http-nio-8083-exec-2] INFO  c.g.osc.service.impl.TweetListServiceImp - [] - id = 19673141
2019-01-26 15:31:46.475 [http-nio-8083-exec-2] INFO  c.g.osc.service.impl.TweetListServiceImp - [] - id = 19673134
2019-01-26 15:31:46.516 [http-nio-8083-exec-2] INFO  c.gdufe.osc.interceptor.TimeWatchAspect - [] - getNewestTweetList 执行时长： 518
2019-01-26 15:32:34.310 [http-nio-8083-exec-4] INFO  c.g.o.interceptor.AccessLimitInterceptor - [] - 本次请求正常通过
2019-01-26 15:32:34.332 [http-nio-8083-exec-4] INFO  c.g.osc.interceptor.IPBlockInterceptor - [] - ip = 0:0:0:0:0:0:0:1, 30s之内第1次请求http://localhost:8083/api/tweet/newest，通过
2019-01-26 15:32:34.386 [http-nio-8083-exec-4] INFO  c.g.osc.service.impl.TweetListServiceImp - [] - authorId = 3717820
2019-01-26 15:32:34.386 [http-nio-8083-exec-4] INFO  c.g.osc.service.impl.TweetListServiceImp - [] - authorId = 3417180
2019-01-26 15:32:34.386 [http-nio-8083-exec-4] INFO  c.g.osc.service.impl.TweetListServiceImp - [] - authorId = 3174768
2019-01-26 15:32:34.386 [http-nio-8083-exec-4] INFO  c.g.osc.service.impl.TweetListServiceImp - [] - authorId = 2657874
2019-01-26 15:32:34.386 [http-nio-8083-exec-4] INFO  c.g.osc.service.impl.TweetListServiceImp - [] - authorId = 3803405
2019-01-26 15:32:34.386 [http-nio-8083-exec-4] INFO  c.g.osc.service.impl.TweetListServiceImp - [] - authorId = 3915921
2019-01-26 15:32:34.386 [http-nio-8083-exec-4] INFO  c.g.osc.service.impl.TweetListServiceImp - [] - authorId = 93473
2019-01-26 15:32:34.386 [http-nio-8083-exec-4] INFO  c.g.osc.service.impl.TweetListServiceImp - [] - authorId = 4073411
2019-01-26 15:32:34.386 [http-nio-8083-exec-4] INFO  c.g.osc.service.impl.TweetListServiceImp - [] - authorId = 2425521
2019-01-26 15:32:34.386 [http-nio-8083-exec-4] INFO  c.g.osc.service.impl.TweetListServiceImp - [] - authorId = 1456141
2019-01-26 15:32:34.387 [http-nio-8083-exec-4] INFO  c.g.osc.service.impl.TweetListServiceImp - [] - id = 19673202
2019-01-26 15:32:34.430 [http-nio-8083-exec-4] INFO  c.g.osc.service.impl.TweetListServiceImp - [] - id = 19673200
2019-01-26 15:32:34.471 [http-nio-8083-exec-4] INFO  c.g.osc.service.impl.TweetListServiceImp - [] - id = 19673196
2019-01-26 15:32:34.511 [http-nio-8083-exec-4] INFO  c.g.osc.service.impl.TweetListServiceImp - [] - id = 19673190
2019-01-26 15:32:34.556 [http-nio-8083-exec-4] INFO  c.g.osc.service.impl.TweetListServiceImp - [] - id = 19673186
2019-01-26 15:32:34.598 [http-nio-8083-exec-4] INFO  c.g.osc.service.impl.TweetListServiceImp - [] - id = 19673173
2019-01-26 15:32:34.640 [http-nio-8083-exec-4] INFO  c.g.osc.service.impl.TweetListServiceImp - [] - id = 19673147
2019-01-26 15:32:34.694 [http-nio-8083-exec-4] INFO  c.g.osc.service.impl.TweetListServiceImp - [] - id = 19673143
2019-01-26 15:32:34.737 [http-nio-8083-exec-4] INFO  c.g.osc.service.impl.TweetListServiceImp - [] - id = 19673141
2019-01-26 15:32:34.776 [http-nio-8083-exec-4] INFO  c.g.osc.service.impl.TweetListServiceImp - [] - id = 19673134
2019-01-26 15:32:34.817 [http-nio-8083-exec-4] INFO  c.gdufe.osc.interceptor.TimeWatchAspect - [] - getNewestTweetList 执行时长： 483
2019-01-26 15:32:53.980 [main] INFO  com.gdufe.osc.OscApplication - [] - Starting OscApplication on DESKTOP-5B6KGDA with PID 4720 (E:\workspace\osc\target\classes started by yizhen in E:\workspace\osc)
2019-01-26 15:32:53.985 [main] INFO  com.gdufe.osc.OscApplication - [] - No active profile set, falling back to default profiles: default
2019-01-26 15:32:55.411 [main] INFO  o.s.d.r.c.RepositoryConfigurationDelegate - [] - Multiple Spring Data modules found, entering strict repository configuration mode!
2019-01-26 15:32:55.414 [main] INFO  o.s.d.r.c.RepositoryConfigurationDelegate - [] - Bootstrapping Spring Data repositories in DEFAULT mode.
2019-01-26 15:32:55.455 [main] INFO  o.s.d.r.c.RepositoryConfigurationDelegate - [] - Finished Spring Data repository scanning in 23ms. Found 0 repository interfaces.
2019-01-26 15:32:56.272 [main] INFO  o.s.b.w.embedded.tomcat.TomcatWebServer - [] - Tomcat initialized with port(s): 8083 (http)
2019-01-26 15:32:56.287 [main] INFO  o.apache.coyote.http11.Http11NioProtocol - [] - Initializing ProtocolHandler ["http-nio-8083"]
2019-01-26 15:32:56.296 [main] INFO  org.apache.catalina.core.StandardService - [] - Starting service [Tomcat]
2019-01-26 15:32:56.296 [main] INFO  org.apache.catalina.core.StandardEngine - [] - Starting Servlet Engine: Apache Tomcat/9.0.13
2019-01-26 15:32:56.303 [main] INFO  o.a.catalina.core.AprLifecycleListener - [] - The APR based Apache Tomcat Native library which allows optimal performance in production environments was not found on the java.library.path: [D:\Program Files\Java\jdk1.8.0_131\bin;C:\Windows\Sun\Java\bin;C:\Windows\system32;C:\Windows;C:\Windows\system32;C:\Windows;C:\Windows\System32\Wbem;C:\Windows\System32\WindowsPowerShell\v1.0\;C:\Program Files (x86)\NVIDIA Corporation\PhysX\Common;C:\Users\yizhen\AppData\Local\Microsoft\WindowsApps;F:\QuickMethod;;.]
2019-01-26 15:32:56.399 [main] INFO  o.a.c.c.C.[Tomcat].[localhost].[/] - [] - Initializing Spring embedded WebApplicationContext
2019-01-26 15:32:56.399 [main] INFO  o.s.web.context.ContextLoader - [] - Root WebApplicationContext: initialization completed in 2184 ms
2019-01-26 15:32:57.205 [main] INFO  o.s.s.concurrent.ThreadPoolTaskExecutor - [] - Initializing ExecutorService 'applicationTaskExecutor'
2019-01-26 15:32:57.517 [main] INFO  o.s.s.concurrent.ThreadPoolTaskScheduler - [] - Initializing ExecutorService 'taskScheduler'
2019-01-26 15:32:57.575 [main] INFO  o.apache.coyote.http11.Http11NioProtocol - [] - Starting ProtocolHandler ["http-nio-8083"]
2019-01-26 15:32:57.586 [main] INFO  o.apache.tomcat.util.net.NioSelectorPool - [] - Using a shared selector for servlet write/read
2019-01-26 15:32:57.602 [main] INFO  o.s.b.w.embedded.tomcat.TomcatWebServer - [] - Tomcat started on port(s): 8083 (http) with context path ''
2019-01-26 15:32:57.605 [main] INFO  com.gdufe.osc.OscApplication - [] - Started OscApplication in 4.169 seconds (JVM running for 5.973)
2019-01-26 15:32:58.187 [main] INFO  com.gdufe.osc.scheduled.CronTask - [] - code = 4vHj5o
2019-01-26 15:32:58.488 [main] INFO  io.lettuce.core.EpollProvider - [] - Starting without optional epoll library
2019-01-26 15:32:58.490 [main] INFO  io.lettuce.core.KqueueProvider - [] - Starting without optional kqueue library
2019-01-26 15:32:58.800 [main] INFO  com.gdufe.osc.scheduled.CronTask - [] - token：a3040552-7e89-4ea9-8f62-63385823d511  -----  freshToken：ac6e504b-3586-4f95-9ae9-a7510efde985
2019-01-26 15:32:58.800 [main] INFO  com.gdufe.osc.scheduled.CronTask - [] - refreshCache 执行花费时长： 1192
2019-01-26 15:33:39.673 [http-nio-8083-exec-1] INFO  o.a.c.c.C.[Tomcat].[localhost].[/] - [] - Initializing Spring DispatcherServlet 'dispatcherServlet'
2019-01-26 15:33:39.673 [http-nio-8083-exec-1] INFO  o.s.web.servlet.DispatcherServlet - [] - Initializing Servlet 'dispatcherServlet'
2019-01-26 15:33:39.686 [http-nio-8083-exec-1] INFO  o.s.web.servlet.DispatcherServlet - [] - Completed initialization in 12 ms
2019-01-26 15:33:39.705 [http-nio-8083-exec-1] INFO  c.g.o.interceptor.AccessLimitInterceptor - [] - 本次请求正常通过
2019-01-26 15:33:39.764 [http-nio-8083-exec-1] INFO  c.g.osc.interceptor.IPBlockInterceptor - [] - ip = 0:0:0:0:0:0:0:1, 30s之内第1次请求http://localhost:8083/api/tweet/newest，通过
2019-01-26 15:33:40.278 [http-nio-8083-exec-1] INFO  c.gdufe.osc.interceptor.TimeWatchAspect - [] - getNewestTweetList 执行时长： 483
2019-01-26 15:33:47.249 [http-nio-8083-exec-3] INFO  c.g.o.interceptor.AccessLimitInterceptor - [] - 本次请求正常通过
2019-01-26 15:33:47.314 [http-nio-8083-exec-3] INFO  c.g.osc.interceptor.IPBlockInterceptor - [] - ip = 0:0:0:0:0:0:0:1, 30s之内第2次请求http://localhost:8083/api/tweet/newest，通过
2019-01-26 15:33:47.911 [http-nio-8083-exec-3] INFO  c.gdufe.osc.interceptor.TimeWatchAspect - [] - getNewestTweetList 执行时长： 595
2019-01-26 15:34:15.093 [http-nio-8083-exec-5] INFO  c.g.o.interceptor.AccessLimitInterceptor - [] - 本次请求正常通过
2019-01-26 15:34:15.130 [http-nio-8083-exec-5] INFO  c.g.osc.interceptor.IPBlockInterceptor - [] - ip = 0:0:0:0:0:0:0:1, 30s之内第3次请求http://localhost:8083/api/tweet/hotest，通过
2019-01-26 15:34:30.083 [http-nio-8083-exec-7] INFO  c.g.o.interceptor.AccessLimitInterceptor - [] - 本次请求正常通过
2019-01-26 15:34:30.142 [http-nio-8083-exec-7] INFO  c.g.osc.interceptor.IPBlockInterceptor - [] - ip = 0:0:0:0:0:0:0:1, 30s之内第4次请求http://localhost:8083/api/tweet/hotest，通过
2019-01-26 15:34:36.798 [http-nio-8083-exec-10] INFO  c.g.o.interceptor.AccessLimitInterceptor - [] - 本次请求正常通过
2019-01-26 15:34:36.833 [http-nio-8083-exec-10] INFO  c.g.osc.interceptor.IPBlockInterceptor - [] - ip = 0:0:0:0:0:0:0:1, 30s之内第5次请求http://localhost:8083/api/tweet/hotest，通过
2019-01-26 15:34:47.532 [http-nio-8083-exec-6] INFO  c.g.o.interceptor.AccessLimitInterceptor - [] - 本次请求正常通过
2019-01-26 15:34:47.593 [http-nio-8083-exec-6] INFO  c.g.osc.interceptor.IPBlockInterceptor - [] - ip = 0:0:0:0:0:0:0:1, 30s之内第6次请求http://localhost:8083/api/tweet/newest，通过
2019-01-26 15:34:48.174 [http-nio-8083-exec-6] INFO  c.gdufe.osc.interceptor.TimeWatchAspect - [] - getNewestTweetList 执行时长： 580
2019-01-26 15:34:53.578 [http-nio-8083-exec-1] INFO  c.g.o.interceptor.AccessLimitInterceptor - [] - 本次请求正常通过
2019-01-26 15:34:53.621 [http-nio-8083-exec-1] INFO  c.g.osc.interceptor.IPBlockInterceptor - [] - ip = 0:0:0:0:0:0:0:1, 30s之内第7次请求http://localhost:8083/api/tweet/newest，通过
2019-01-26 15:34:54.129 [http-nio-8083-exec-1] INFO  c.gdufe.osc.interceptor.TimeWatchAspect - [] - getNewestTweetList 执行时长： 507
2019-01-26 21:44:11.130 [main] INFO  com.gdufe.osc.OscApplication - [] - Starting OscApplication on DESKTOP-5B6KGDA with PID 8344 (E:\workspace\osc\target\classes started by yizhen in E:\workspace\osc)
2019-01-26 21:44:11.136 [main] INFO  com.gdufe.osc.OscApplication - [] - No active profile set, falling back to default profiles: default
2019-01-26 21:44:12.431 [main] INFO  o.s.d.r.c.RepositoryConfigurationDelegate - [] - Multiple Spring Data modules found, entering strict repository configuration mode!
2019-01-26 21:44:12.433 [main] INFO  o.s.d.r.c.RepositoryConfigurationDelegate - [] - Bootstrapping Spring Data repositories in DEFAULT mode.
2019-01-26 21:44:12.468 [main] INFO  o.s.d.r.c.RepositoryConfigurationDelegate - [] - Finished Spring Data repository scanning in 20ms. Found 0 repository interfaces.
2019-01-26 21:44:13.337 [main] INFO  o.s.b.w.embedded.tomcat.TomcatWebServer - [] - Tomcat initialized with port(s): 8083 (http)
2019-01-26 21:44:13.353 [main] INFO  o.apache.coyote.http11.Http11NioProtocol - [] - Initializing ProtocolHandler ["http-nio-8083"]
2019-01-26 21:44:13.366 [main] INFO  org.apache.catalina.core.StandardService - [] - Starting service [Tomcat]
2019-01-26 21:44:13.367 [main] INFO  org.apache.catalina.core.StandardEngine - [] - Starting Servlet Engine: Apache Tomcat/9.0.13
2019-01-26 21:44:13.374 [main] INFO  o.a.catalina.core.AprLifecycleListener - [] - The APR based Apache Tomcat Native library which allows optimal performance in production environments was not found on the java.library.path: [D:\Program Files\Java\jdk1.8.0_131\bin;C:\Windows\Sun\Java\bin;C:\Windows\system32;C:\Windows;C:\Windows\system32;C:\Windows;C:\Windows\System32\Wbem;C:\Windows\System32\WindowsPowerShell\v1.0\;C:\Program Files (x86)\NVIDIA Corporation\PhysX\Common;C:\Users\yizhen\AppData\Local\Microsoft\WindowsApps;F:\QuickMethod;;.]
2019-01-26 21:44:13.484 [main] INFO  o.a.c.c.C.[Tomcat].[localhost].[/] - [] - Initializing Spring embedded WebApplicationContext
2019-01-26 21:44:13.485 [main] INFO  o.s.web.context.ContextLoader - [] - Root WebApplicationContext: initialization completed in 2248 ms
2019-01-26 21:44:14.656 [main] INFO  o.s.s.concurrent.ThreadPoolTaskExecutor - [] - Initializing ExecutorService 'applicationTaskExecutor'
2019-01-26 21:44:15.070 [main] INFO  o.s.s.concurrent.ThreadPoolTaskScheduler - [] - Initializing ExecutorService 'taskScheduler'
2019-01-26 21:44:15.137 [main] INFO  o.apache.coyote.http11.Http11NioProtocol - [] - Starting ProtocolHandler ["http-nio-8083"]
2019-01-26 21:44:15.146 [main] INFO  o.apache.tomcat.util.net.NioSelectorPool - [] - Using a shared selector for servlet write/read
2019-01-26 21:44:15.163 [main] INFO  o.s.b.w.embedded.tomcat.TomcatWebServer - [] - Tomcat started on port(s): 8083 (http) with context path ''
2019-01-26 21:44:15.167 [main] INFO  com.gdufe.osc.OscApplication - [] - Started OscApplication in 4.621 seconds (JVM running for 6.162)
2019-01-26 21:44:16.427 [main] INFO  com.gdufe.osc.scheduled.CronTask - [] - code = amqU0n
2019-01-26 21:44:16.850 [main] INFO  io.lettuce.core.EpollProvider - [] - Starting without optional epoll library
2019-01-26 21:44:16.851 [main] INFO  io.lettuce.core.KqueueProvider - [] - Starting without optional kqueue library
2019-01-26 21:44:17.200 [main] INFO  com.gdufe.osc.scheduled.CronTask - [] - token：a3040552-7e89-4ea9-8f62-63385823d511  -----  freshToken：ac6e504b-3586-4f95-9ae9-a7510efde985
2019-01-26 21:44:17.200 [main] INFO  com.gdufe.osc.scheduled.CronTask - [] - refreshCache 执行花费时长： 2029
2019-01-26 21:45:14.131 [http-nio-8083-exec-1] INFO  o.a.c.c.C.[Tomcat].[localhost].[/] - [] - Initializing Spring DispatcherServlet 'dispatcherServlet'
2019-01-26 21:45:14.131 [http-nio-8083-exec-1] INFO  o.s.web.servlet.DispatcherServlet - [] - Initializing Servlet 'dispatcherServlet'
2019-01-26 21:45:14.142 [http-nio-8083-exec-1] INFO  o.s.web.servlet.DispatcherServlet - [] - Completed initialization in 11 ms
2019-01-26 21:45:14.166 [http-nio-8083-exec-1] INFO  c.g.o.interceptor.AccessLimitInterceptor - [] - 本次请求正常通过
2019-01-26 21:45:14.229 [http-nio-8083-exec-1] INFO  c.g.osc.interceptor.IPBlockInterceptor - [] - ip = 0:0:0:0:0:0:0:1, 30s之内第1次请求http://localhost:8083/api/tweet/newest，通过
2019-01-26 21:45:38.186 [http-nio-8083-exec-2] INFO  c.g.o.interceptor.AccessLimitInterceptor - [] - 本次请求正常通过
2019-01-26 21:45:38.218 [http-nio-8083-exec-2] INFO  c.g.osc.interceptor.IPBlockInterceptor - [] - ip = 0:0:0:0:0:0:0:1, 30s之内第2次请求http://localhost:8083/api/tweet/110，通过
2019-01-26 21:45:38.292 [http-nio-8083-exec-2] INFO  c.gdufe.osc.interceptor.TimeWatchAspect - [] - getUsersTweetList 执行时长: 64ms
2019-01-26 21:45:41.672 [http-nio-8083-exec-3] INFO  c.g.o.interceptor.AccessLimitInterceptor - [] - 本次请求正常通过
2019-01-26 21:45:41.706 [http-nio-8083-exec-3] INFO  c.g.osc.interceptor.IPBlockInterceptor - [] - ip = 0:0:0:0:0:0:0:1, 30s之内第3次请求http://localhost:8083/api/tweet/110，通过
2019-01-26 21:45:41.755 [http-nio-8083-exec-3] INFO  c.gdufe.osc.interceptor.TimeWatchAspect - [] - getUsersTweetList 执行时长: 47ms
2019-01-26 22:09:40.587 [main] INFO  com.gdufe.osc.OscApplication - [] - Starting OscApplication on DESKTOP-5B6KGDA with PID 4840 (E:\workspace\osc\target\classes started by yizhen in E:\workspace\osc)
2019-01-26 22:09:40.590 [main] INFO  com.gdufe.osc.OscApplication - [] - No active profile set, falling back to default profiles: default
2019-01-26 22:09:41.899 [main] INFO  o.s.d.r.c.RepositoryConfigurationDelegate - [] - Multiple Spring Data modules found, entering strict repository configuration mode!
2019-01-26 22:09:41.902 [main] INFO  o.s.d.r.c.RepositoryConfigurationDelegate - [] - Bootstrapping Spring Data repositories in DEFAULT mode.
2019-01-26 22:09:41.938 [main] INFO  o.s.d.r.c.RepositoryConfigurationDelegate - [] - Finished Spring Data repository scanning in 22ms. Found 0 repository interfaces.
2019-01-26 22:09:42.753 [main] INFO  o.s.b.w.embedded.tomcat.TomcatWebServer - [] - Tomcat initialized with port(s): 8083 (http)
2019-01-26 22:09:42.768 [main] INFO  o.apache.coyote.http11.Http11NioProtocol - [] - Initializing ProtocolHandler ["http-nio-8083"]
2019-01-26 22:09:42.778 [main] INFO  org.apache.catalina.core.StandardService - [] - Starting service [Tomcat]
2019-01-26 22:09:42.779 [main] INFO  org.apache.catalina.core.StandardEngine - [] - Starting Servlet Engine: Apache Tomcat/9.0.13
2019-01-26 22:09:42.786 [main] INFO  o.a.catalina.core.AprLifecycleListener - [] - The APR based Apache Tomcat Native library which allows optimal performance in production environments was not found on the java.library.path: [D:\Program Files\Java\jdk1.8.0_131\bin;C:\Windows\Sun\Java\bin;C:\Windows\system32;C:\Windows;C:\Windows\system32;C:\Windows;C:\Windows\System32\Wbem;C:\Windows\System32\WindowsPowerShell\v1.0\;C:\Program Files (x86)\NVIDIA Corporation\PhysX\Common;C:\Users\yizhen\AppData\Local\Microsoft\WindowsApps;F:\QuickMethod;;.]
2019-01-26 22:09:42.920 [main] INFO  o.a.c.c.C.[Tomcat].[localhost].[/] - [] - Initializing Spring embedded WebApplicationContext
2019-01-26 22:09:42.921 [main] INFO  o.s.web.context.ContextLoader - [] - Root WebApplicationContext: initialization completed in 2208 ms
2019-01-26 22:09:43.817 [main] INFO  o.s.s.concurrent.ThreadPoolTaskExecutor - [] - Initializing ExecutorService 'applicationTaskExecutor'
2019-01-26 22:09:44.183 [main] INFO  o.s.s.concurrent.ThreadPoolTaskScheduler - [] - Initializing ExecutorService 'taskScheduler'
2019-01-26 22:09:44.247 [main] INFO  o.apache.coyote.http11.Http11NioProtocol - [] - Starting ProtocolHandler ["http-nio-8083"]
2019-01-26 22:09:44.259 [main] INFO  o.apache.tomcat.util.net.NioSelectorPool - [] - Using a shared selector for servlet write/read
2019-01-26 22:09:44.276 [main] INFO  o.s.b.w.embedded.tomcat.TomcatWebServer - [] - Tomcat started on port(s): 8083 (http) with context path ''
2019-01-26 22:09:44.280 [main] INFO  com.gdufe.osc.OscApplication - [] - Started OscApplication in 4.248 seconds (JVM running for 5.924)
2019-01-26 22:09:45.156 [main] INFO  com.gdufe.osc.scheduled.CronTask - [] - code = 26vhw0
2019-01-26 22:09:45.538 [main] INFO  io.lettuce.core.EpollProvider - [] - Starting without optional epoll library
2019-01-26 22:09:45.540 [main] INFO  io.lettuce.core.KqueueProvider - [] - Starting without optional kqueue library
2019-01-26 22:09:45.873 [main] INFO  com.gdufe.osc.scheduled.CronTask - [] - token：a3040552-7e89-4ea9-8f62-63385823d511  -----  freshToken：ac6e504b-3586-4f95-9ae9-a7510efde985
2019-01-26 22:09:45.874 [main] INFO  com.gdufe.osc.scheduled.CronTask - [] - refreshCache 执行花费时长： 1590
2019-01-26 22:09:50.155 [http-nio-8083-exec-1] INFO  o.a.c.c.C.[Tomcat].[localhost].[/] - [] - Initializing Spring DispatcherServlet 'dispatcherServlet'
2019-01-26 22:09:50.155 [http-nio-8083-exec-1] INFO  o.s.web.servlet.DispatcherServlet - [] - Initializing Servlet 'dispatcherServlet'
2019-01-26 22:09:50.166 [http-nio-8083-exec-1] INFO  o.s.web.servlet.DispatcherServlet - [] - Completed initialization in 11 ms
2019-01-26 22:09:50.192 [http-nio-8083-exec-1] INFO  c.g.o.interceptor.AccessLimitInterceptor - [] - 本次请求正常通过
2019-01-26 22:09:50.287 [http-nio-8083-exec-1] INFO  c.g.osc.interceptor.IPBlockInterceptor - [] - ip = 0:0:0:0:0:0:0:1, 30s之内第1次请求http://localhost:8083/api/tweet/110，通过
2019-01-26 22:09:50.392 [http-nio-8083-exec-1] INFO  c.gdufe.osc.interceptor.TimeWatchAspect - [] - getUsersTweetList 执行时长: 65ms
2019-01-26 22:09:54.785 [http-nio-8083-exec-2] INFO  c.g.o.interceptor.AccessLimitInterceptor - [] - 本次请求正常通过
2019-01-26 22:09:54.817 [http-nio-8083-exec-2] INFO  c.g.osc.interceptor.IPBlockInterceptor - [] - ip = 0:0:0:0:0:0:0:1, 30s之内第2次请求http://localhost:8083/api/tweet/110，通过
2019-01-26 22:09:54.862 [http-nio-8083-exec-2] INFO  c.gdufe.osc.interceptor.TimeWatchAspect - [] - getUsersTweetList 执行时长: 44ms
2019-01-27 12:05:32.005 [main] INFO  o.s.b.t.c.SpringBootTestContextBootstrapper - [] - Neither @ContextConfiguration nor @ContextHierarchy found for test class [com.gdufe.osc.osc.OscApplicationTests], using SpringBootContextLoader
2019-01-27 12:05:32.013 [main] INFO  o.s.t.c.support.AbstractContextLoader - [] - Could not detect default resource locations for test class [com.gdufe.osc.osc.OscApplicationTests]: no resource found for suffixes {-context.xml, Context.groovy}.
2019-01-27 12:05:32.014 [main] INFO  o.s.t.c.s.AnnotationConfigContextLoaderUtils - [] - Could not detect default configuration classes for test class [com.gdufe.osc.osc.OscApplicationTests]: OscApplicationTests does not declare any static, non-private, non-final, nested classes annotated with @Configuration.
2019-01-27 12:05:32.237 [main] INFO  o.s.b.t.c.SpringBootTestContextBootstrapper - [] - Found @SpringBootConfiguration com.gdufe.osc.OscApplication for test class com.gdufe.osc.osc.OscApplicationTests
2019-01-27 12:05:32.358 [main] INFO  o.s.b.t.c.SpringBootTestContextBootstrapper - [] - Loaded default TestExecutionListener class names from location [META-INF/spring.factories]: [org.springframework.boot.test.mock.mockito.MockitoTestExecutionListener, org.springframework.boot.test.mock.mockito.ResetMocksTestExecutionListener, org.springframework.boot.test.autoconfigure.restdocs.RestDocsTestExecutionListener, org.springframework.boot.test.autoconfigure.web.client.MockRestServiceServerResetTestExecutionListener, org.springframework.boot.test.autoconfigure.web.servlet.MockMvcPrintOnlyOnFailureTestExecutionListener, org.springframework.boot.test.autoconfigure.web.servlet.WebDriverTestExecutionListener, org.springframework.test.context.web.ServletTestExecutionListener, org.springframework.test.context.support.DirtiesContextBeforeModesTestExecutionListener, org.springframework.test.context.support.DependencyInjectionTestExecutionListener, org.springframework.test.context.support.DirtiesContextTestExecutionListener, org.springframework.test.context.transaction.TransactionalTestExecutionListener, org.springframework.test.context.jdbc.SqlScriptsTestExecutionListener]
2019-01-27 12:05:32.383 [main] INFO  o.s.b.t.c.SpringBootTestContextBootstrapper - [] - Using TestExecutionListeners: [org.springframework.test.context.web.ServletTestExecutionListener@4a7f959b, org.springframework.test.context.support.DirtiesContextBeforeModesTestExecutionListener@429bffaa, org.springframework.boot.test.mock.mockito.MockitoTestExecutionListener@5403f35f, org.springframework.boot.test.autoconfigure.SpringBootDependencyInjectionTestExecutionListener@483f6d77, org.springframework.test.context.support.DirtiesContextTestExecutionListener@7e5afaa6, org.springframework.test.context.transaction.TransactionalTestExecutionListener@63a12c68, org.springframework.test.context.jdbc.SqlScriptsTestExecutionListener@28f3b248, org.springframework.boot.test.mock.mockito.ResetMocksTestExecutionListener@1b1426f4, org.springframework.boot.test.autoconfigure.restdocs.RestDocsTestExecutionListener@32b260fa, org.springframework.boot.test.autoconfigure.web.client.MockRestServiceServerResetTestExecutionListener@581ac8a8, org.springframework.boot.test.autoconfigure.web.servlet.MockMvcPrintOnlyOnFailureTestExecutionListener@6d4e5011, org.springframework.boot.test.autoconfigure.web.servlet.WebDriverTestExecutionListener@57d7f8ca]
2019-01-27 12:05:32.997 [main] INFO  com.gdufe.osc.osc.OscApplicationTests - [] - Starting OscApplicationTests on DESKTOP-5B6KGDA with PID 3448 (started by yizhen in E:\workspace\osc)
2019-01-27 12:05:33.000 [main] INFO  com.gdufe.osc.osc.OscApplicationTests - [] - No active profile set, falling back to default profiles: default
2019-01-27 12:05:35.006 [main] INFO  o.s.d.r.c.RepositoryConfigurationDelegate - [] - Multiple Spring Data modules found, entering strict repository configuration mode!
2019-01-27 12:05:35.014 [main] INFO  o.s.d.r.c.RepositoryConfigurationDelegate - [] - Bootstrapping Spring Data repositories in DEFAULT mode.
2019-01-27 12:05:35.178 [main] INFO  o.s.d.r.c.RepositoryConfigurationDelegate - [] - Finished Spring Data repository scanning in 114ms. Found 0 repository interfaces.
2019-01-27 15:57:11.348 [main] INFO  com.gdufe.osc.OscApplication - [] - Starting OscApplication on DESKTOP-5B6KGDA with PID 860 (E:\workspace\osc\target\classes started by yizhen in E:\workspace\osc)
2019-01-27 15:57:11.353 [main] INFO  com.gdufe.osc.OscApplication - [] - No active profile set, falling back to default profiles: default
2019-01-27 15:57:12.927 [main] INFO  o.s.d.r.c.RepositoryConfigurationDelegate - [] - Multiple Spring Data modules found, entering strict repository configuration mode!
2019-01-27 15:57:12.931 [main] INFO  o.s.d.r.c.RepositoryConfigurationDelegate - [] - Bootstrapping Spring Data repositories in DEFAULT mode.
2019-01-27 15:57:13.007 [main] INFO  o.s.d.r.c.RepositoryConfigurationDelegate - [] - Finished Spring Data repository scanning in 47ms. Found 0 repository interfaces.
2019-01-27 15:57:14.153 [main] INFO  o.s.b.w.embedded.tomcat.TomcatWebServer - [] - Tomcat initialized with port(s): 8083 (http)
2019-01-27 15:57:14.168 [main] INFO  o.apache.coyote.http11.Http11NioProtocol - [] - Initializing ProtocolHandler ["http-nio-8083"]
2019-01-27 15:57:14.179 [main] INFO  org.apache.catalina.core.StandardService - [] - Starting service [Tomcat]
2019-01-27 15:57:14.179 [main] INFO  org.apache.catalina.core.StandardEngine - [] - Starting Servlet Engine: Apache Tomcat/9.0.13
2019-01-27 15:57:14.188 [main] INFO  o.a.catalina.core.AprLifecycleListener - [] - The APR based Apache Tomcat Native library which allows optimal performance in production environments was not found on the java.library.path: [D:\Program Files\Java\jdk1.8.0_131\bin;C:\Windows\Sun\Java\bin;C:\Windows\system32;C:\Windows;C:\Windows\system32;C:\Windows;C:\Windows\System32\Wbem;C:\Windows\System32\WindowsPowerShell\v1.0\;C:\Program Files (x86)\NVIDIA Corporation\PhysX\Common;C:\Users\yizhen\AppData\Local\Microsoft\WindowsApps;F:\QuickMethod;;.]
2019-01-27 15:57:14.307 [main] INFO  o.a.c.c.C.[Tomcat].[localhost].[/] - [] - Initializing Spring embedded WebApplicationContext
2019-01-27 15:57:14.307 [main] INFO  o.s.web.context.ContextLoader - [] - Root WebApplicationContext: initialization completed in 2808 ms
2019-01-27 15:57:15.226 [main] INFO  o.s.s.concurrent.ThreadPoolTaskExecutor - [] - Initializing ExecutorService 'applicationTaskExecutor'
2019-01-27 15:57:15.572 [main] INFO  o.s.s.concurrent.ThreadPoolTaskScheduler - [] - Initializing ExecutorService 'taskScheduler'
2019-01-27 15:57:15.620 [main] INFO  o.apache.coyote.http11.Http11NioProtocol - [] - Starting ProtocolHandler ["http-nio-8083"]
2019-01-27 15:57:15.631 [main] INFO  o.apache.tomcat.util.net.NioSelectorPool - [] - Using a shared selector for servlet write/read
2019-01-27 15:57:15.647 [main] INFO  o.s.b.w.embedded.tomcat.TomcatWebServer - [] - Tomcat started on port(s): 8083 (http) with context path ''
2019-01-27 15:57:15.651 [main] INFO  com.gdufe.osc.OscApplication - [] - Started OscApplication in 4.901 seconds (JVM running for 6.72)
2019-01-27 15:57:16.398 [main] INFO  com.gdufe.osc.scheduled.CronTask - [] - code = ahhokL
2019-01-27 15:57:17.022 [main] INFO  io.lettuce.core.EpollProvider - [] - Starting without optional epoll library
2019-01-27 15:57:17.028 [main] INFO  io.lettuce.core.KqueueProvider - [] - Starting without optional kqueue library
2019-01-27 15:57:17.545 [main] INFO  com.gdufe.osc.scheduled.CronTask - [] - token：a3040552-7e89-4ea9-8f62-63385823d511  -----  freshToken：ac6e504b-3586-4f95-9ae9-a7510efde985
2019-01-27 15:57:17.545 [main] INFO  com.gdufe.osc.scheduled.CronTask - [] - refreshCache 执行花费时长： 1891
2019-01-27 15:57:21.053 [http-nio-8083-exec-2] INFO  o.a.c.c.C.[Tomcat].[localhost].[/] - [] - Initializing Spring DispatcherServlet 'dispatcherServlet'
2019-01-27 15:57:21.053 [http-nio-8083-exec-2] INFO  o.s.web.servlet.DispatcherServlet - [] - Initializing Servlet 'dispatcherServlet'
2019-01-27 15:57:21.066 [http-nio-8083-exec-2] INFO  o.s.web.servlet.DispatcherServlet - [] - Completed initialization in 13 ms
2019-01-27 15:57:21.089 [http-nio-8083-exec-2] INFO  c.g.o.interceptor.AccessLimitInterceptor - [] - 本次请求正常通过
2019-01-27 15:57:21.148 [http-nio-8083-exec-2] INFO  c.g.osc.interceptor.IPBlockInterceptor - [] - ip = 0:0:0:0:0:0:0:1, 30s之内第1次请求http://localhost:8083/api/tweet/110，参数为page = 1。pageSize = 10。，通过
2019-01-27 15:57:21.296 [http-nio-8083-exec-2] INFO  c.gdufe.osc.interceptor.TimeWatchAspect - [] - getUsersTweetList 执行时长: 115ms
2019-01-27 15:57:25.014 [http-nio-8083-exec-1] INFO  c.g.o.interceptor.AccessLimitInterceptor - [] - 本次请求正常通过
2019-01-27 15:57:25.046 [http-nio-8083-exec-1] INFO  c.g.osc.interceptor.IPBlockInterceptor - [] - ip = 0:0:0:0:0:0:0:1, 30s之内第2次请求http://localhost:8083/api/tweet/110，参数为page = 1。pageSize = 10。，通过
2019-01-27 15:57:25.325 [http-nio-8083-exec-1] INFO  c.gdufe.osc.interceptor.TimeWatchAspect - [] - getUsersTweetList 执行时长: 278ms
2019-01-27 15:58:28.574 [main] INFO  com.gdufe.osc.OscApplication - [] - Starting OscApplication on DESKTOP-5B6KGDA with PID 3368 (E:\workspace\osc\target\classes started by yizhen in E:\workspace\osc)
2019-01-27 15:58:28.582 [main] INFO  com.gdufe.osc.OscApplication - [] - No active profile set, falling back to default profiles: default
2019-01-27 15:58:29.660 [main] INFO  o.s.d.r.c.RepositoryConfigurationDelegate - [] - Multiple Spring Data modules found, entering strict repository configuration mode!
2019-01-27 15:58:29.663 [main] INFO  o.s.d.r.c.RepositoryConfigurationDelegate - [] - Bootstrapping Spring Data repositories in DEFAULT mode.
2019-01-27 15:58:29.707 [main] INFO  o.s.d.r.c.RepositoryConfigurationDelegate - [] - Finished Spring Data repository scanning in 25ms. Found 0 repository interfaces.
2019-01-27 15:58:30.764 [main] INFO  o.s.b.w.embedded.tomcat.TomcatWebServer - [] - Tomcat initialized with port(s): 8083 (http)
2019-01-27 15:58:30.782 [main] INFO  o.apache.coyote.http11.Http11NioProtocol - [] - Initializing ProtocolHandler ["http-nio-8083"]
2019-01-27 15:58:30.793 [main] INFO  org.apache.catalina.core.StandardService - [] - Starting service [Tomcat]
2019-01-27 15:58:30.793 [main] INFO  org.apache.catalina.core.StandardEngine - [] - Starting Servlet Engine: Apache Tomcat/9.0.13
2019-01-27 15:58:30.802 [main] INFO  o.a.catalina.core.AprLifecycleListener - [] - The APR based Apache Tomcat Native library which allows optimal performance in production environments was not found on the java.library.path: [D:\Program Files\Java\jdk1.8.0_131\bin;C:\Windows\Sun\Java\bin;C:\Windows\system32;C:\Windows;C:\Windows\system32;C:\Windows;C:\Windows\System32\Wbem;C:\Windows\System32\WindowsPowerShell\v1.0\;C:\Program Files (x86)\NVIDIA Corporation\PhysX\Common;C:\Users\yizhen\AppData\Local\Microsoft\WindowsApps;F:\QuickMethod;;.]
2019-01-27 15:58:30.936 [main] INFO  o.a.c.c.C.[Tomcat].[localhost].[/] - [] - Initializing Spring embedded WebApplicationContext
2019-01-27 15:58:30.937 [main] INFO  o.s.web.context.ContextLoader - [] - Root WebApplicationContext: initialization completed in 2230 ms
2019-01-27 15:58:32.219 [main] INFO  o.s.s.concurrent.ThreadPoolTaskExecutor - [] - Initializing ExecutorService 'applicationTaskExecutor'
2019-01-27 15:58:32.627 [main] INFO  o.s.s.concurrent.ThreadPoolTaskScheduler - [] - Initializing ExecutorService 'taskScheduler'
2019-01-27 15:58:32.684 [main] INFO  o.apache.coyote.http11.Http11NioProtocol - [] - Starting ProtocolHandler ["http-nio-8083"]
2019-01-27 15:58:32.704 [main] INFO  o.apache.tomcat.util.net.NioSelectorPool - [] - Using a shared selector for servlet write/read
2019-01-27 15:58:32.725 [main] INFO  o.s.b.w.embedded.tomcat.TomcatWebServer - [] - Tomcat started on port(s): 8083 (http) with context path ''
2019-01-27 15:58:32.729 [main] INFO  com.gdufe.osc.OscApplication - [] - Started OscApplication in 6.114 seconds (JVM running for 8.536)
2019-01-27 15:58:33.424 [main] INFO  com.gdufe.osc.scheduled.CronTask - [] - code = 27QeMz
2019-01-27 15:58:34.124 [main] INFO  io.lettuce.core.EpollProvider - [] - Starting without optional epoll library
2019-01-27 15:58:34.127 [main] INFO  io.lettuce.core.KqueueProvider - [] - Starting without optional kqueue library
2019-01-27 15:58:34.578 [main] INFO  com.gdufe.osc.scheduled.CronTask - [] - token：a3040552-7e89-4ea9-8f62-63385823d511  -----  freshToken：ac6e504b-3586-4f95-9ae9-a7510efde985
2019-01-27 15:58:34.578 [main] INFO  com.gdufe.osc.scheduled.CronTask - [] - refreshCache 执行花费时长： 1845
2019-01-27 15:58:37.483 [http-nio-8083-exec-2] INFO  o.a.c.c.C.[Tomcat].[localhost].[/] - [] - Initializing Spring DispatcherServlet 'dispatcherServlet'
2019-01-27 15:58:37.483 [http-nio-8083-exec-2] INFO  o.s.web.servlet.DispatcherServlet - [] - Initializing Servlet 'dispatcherServlet'
2019-01-27 15:58:37.499 [http-nio-8083-exec-2] INFO  o.s.web.servlet.DispatcherServlet - [] - Completed initialization in 16 ms
2019-01-27 15:58:37.546 [http-nio-8083-exec-2] INFO  c.g.o.interceptor.AccessLimitInterceptor - [] - 本次请求正常通过
2019-01-27 15:58:37.612 [http-nio-8083-exec-2] INFO  c.g.osc.interceptor.IPBlockInterceptor - [] - ip = 0:0:0:0:0:0:0:1, 30s之内第1次请求http://localhost:8083/api/tweet/110，参数为page = 1。pageSize = 10。，通过
2019-01-27 15:58:56.310 [http-nio-8083-exec-2] INFO  c.gdufe.osc.interceptor.TimeWatchAspect - [] - getUsersTweetList 执行时长: 72ms
2019-01-27 15:58:57.179 [Thread-16] INFO  o.s.s.concurrent.ThreadPoolTaskScheduler - [] - Shutting down ExecutorService 'taskScheduler'
2019-01-27 15:58:57.181 [Thread-16] INFO  o.s.s.concurrent.ThreadPoolTaskExecutor - [] - Shutting down ExecutorService 'applicationTaskExecutor'
